<?xml version="1.0" encoding="UTF-8"?>
<testng-results ignored="0" total="1" passed="1" failed="0" skipped="0">
  <reporter-output>
  </reporter-output>
  <suite started-at="2022-01-29T19:33:44 IST" name="Suite" finished-at="2022-01-29T19:34:20 IST" duration-ms="35553">
    <groups>
    </groups>
    <test started-at="2022-01-29T19:33:44 IST" name="launchAppWithCorrectCredencial" finished-at="2022-01-29T19:34:20 IST" duration-ms="35553">
      <class name="com.automation.orghrm.testscripts.ContractTest">
        <test-method is-config="true" signature="launchChrome(java.lang.String)[pri:0, instance:com.automation.orghrm.testscripts.ContractTest@4d0f2471]" started-at="2022-01-29T19:33:44 IST" name="launchChrome" finished-at="2022-01-29T19:33:46 IST" duration-ms="1529" status="PASS">
          <params>
            <param index="0">
              <value>
                <![CDATA[chrome]]>
              </value>
            </param>
          </params>
          <reporter-output>
          </reporter-output>
        </test-method> <!-- launchChrome -->
        <test-method is-config="true" signature="LaunchApp(java.lang.String)[pri:0, instance:com.automation.orghrm.testscripts.ContractTest@4d0f2471]" started-at="2022-01-29T19:33:46 IST" name="LaunchApp" finished-at="2022-01-29T19:33:52 IST" duration-ms="6166" status="PASS">
          <params>
            <param index="0">
              <value>
                <![CDATA[https://janautomation22-trials73.orangehrmlive.com/]]>
              </value>
            </param>
          </params>
          <reporter-output>
          </reporter-output>
        </test-method> <!-- LaunchApp -->
        <test-method signature="enterCredentials(java.lang.String,java.lang.String)[pri:0, instance:com.automation.orghrm.testscripts.ContractTest@4d0f2471]" started-at="2022-01-29T19:33:52 IST" name="enterCredentials" finished-at="2022-01-29T19:34:19 IST" duration-ms="27756" status="PASS">
          <params>
            <param index="0">
              <value>
                <![CDATA[Admin]]>
              </value>
            </param>
            <param index="1">
              <value>
                <![CDATA[r2ikK4@UDZ]]>
              </value>
            </param>
          </params>
          <reporter-output>
          </reporter-output>
        </test-method> <!-- enterCredentials -->
        <test-method is-config="true" signature="TakeScreenShotOnFailure(org.testng.ITestResult)[pri:0, instance:com.automation.orghrm.testscripts.ContractTest@4d0f2471]" started-at="2022-01-29T19:34:19 IST" name="TakeScreenShotOnFailure" finished-at="2022-01-29T19:34:19 IST" duration-ms="22" status="PASS">
          <params>
            <param index="0">
              <value>
                <![CDATA[[TestResult name=enterCredentials status=SUCCESS method=ContractTest.enterCredentials(java.lang.String,java.lang.String)[pri:0, instance:com.automation.orghrm.testscripts.ContractTest@4d0f2471] output={null}]]]>
              </value>
            </param>
          </params>
          <reporter-output>
          </reporter-output>
        </test-method> <!-- TakeScreenShotOnFailure -->
        <test-method is-config="true" signature="closeBrowser()[pri:0, instance:com.automation.orghrm.testscripts.ContractTest@4d0f2471]" started-at="2022-01-29T19:34:19 IST" name="closeBrowser" finished-at="2022-01-29T19:34:20 IST" duration-ms="55" status="PASS">
          <reporter-output>
          </reporter-output>
        </test-method> <!-- closeBrowser -->
      </class> <!-- com.automation.orghrm.testscripts.ContractTest -->
    </test> <!-- launchAppWithCorrectCredencial -->
  </suite> <!-- Suite -->
</testng-results>
